<ehcache xmlns:xsi="http://www.w3.org/2001/XMLSchema-instance"
	xsi:noNamespaceSchemaLocation="ehcache.xsd">

	<diskStore path="java.io.tmpdir" />

	<cache name="testCache" maxElementsInMemory="1000" eternal="false"
		overflowToDisk="false" timeToIdleSeconds="0" timeToLiveSeconds="86400"
		memoryStoreEvictionPolicy="LRU" statistics="true">

		<cacheEventListenerFactory
			class="net.sf.ehcache.distribution.jgroups.JGroupsCacheReplicatorFactory"
			properties="replicateAsynchronously=true, replicatePuts=true, replicateUpdates=true, replicateUpdatesViaCopy=true, replicateRemovals=true, asynchronousReplicationIntervalMillis=10">
		
		</cacheEventListenerFactory>

	</cache>

<!-- 
	<cache name="testCache2" maxElementsInMemory="30000" eternal="false"
		overflowToDisk="false" timeToIdleSeconds="0" timeToLiveSeconds="86400"
		memoryStoreEvictionPolicy="LRU" statistics="true">

		<cacheEventListenerFactory
			class="net.sf.ehcache.distribution.jgroups.JGroupsCacheReplicatorFactory"
			properties="replicateAsynchronously=true, replicatePuts=true, replicateUpdates=true, replicateUpdatesViaCopy=true, replicateRemovals=true, asynchronousReplicationIntervalMillis=10">
			
		</cacheEventListenerFactory>	

	</cache>
	 -->
	<cacheManagerPeerProviderFactory
		class="net.sf.ehcache.distribution.jgroups.JGroupsCacheManagerPeerProviderFactory"
		properties="connect=UDP(mcast_addr=224.0.0.1;mcast_port=45565;):PING:MERGE2:FD_SOCK:VERIFY_SUSPECT:pbcast.NAKACK:UNICAST:pbcast.STABLE:FRAG:pbcast.GMS"
		propertySeparator="::" >
		
	</cacheManagerPeerProviderFactory>


 
</ehcache>
